build/app/intermediates/manifest_merge_blame_file/release/manifest-merger-blame-release-report.txt
1<?xml version="1.0" encoding="utf-8"?>
2<manifest xmlns:android="http://schemas.android.com/apk/res/android"
3    package="com.example.tour_guidato"
4    android:versionCode="1"
5    android:versionName="1.0.0" >
6
7    <uses-sdk
8        android:minSdkVersion="21"
8-->src/main/AndroidManifest.xml
9        android:targetSdkVersion="31" />
9-->src/main/AndroidManifest.xml
10
11    <uses-permission android:name="android.permission.CAMERA" /> <!-- Don't require camera, as this requires a rear camera. This allows it to work on the Nexus 7 -->
11-->[:mobile_scanner] AndroidManifest.xml:9:5-65
11-->[:mobile_scanner] AndroidManifest.xml:9:22-62
12    <uses-feature
12-->[com.journeyapps:zxing-android-embedded:4.3.0] AndroidManifest.xml:25:5-27:36
13        android:name="android.hardware.camera"
13-->[com.journeyapps:zxing-android-embedded:4.3.0] AndroidManifest.xml:26:9-47
14        android:required="false" />
14-->[com.journeyapps:zxing-android-embedded:4.3.0] AndroidManifest.xml:27:9-33
15    <uses-feature
15-->[com.journeyapps:zxing-android-embedded:4.3.0] AndroidManifest.xml:28:5-30:36
16        android:name="android.hardware.camera.front"
16-->[com.journeyapps:zxing-android-embedded:4.3.0] AndroidManifest.xml:29:9-53
17        android:required="false" /> <!-- TODO replace above two with next line after Android 4.2 -->
17-->[com.journeyapps:zxing-android-embedded:4.3.0] AndroidManifest.xml:30:9-33
18    <!-- <uses-feature android:name="android.hardware.camera.any"/> -->
19    <uses-feature
19-->[com.journeyapps:zxing-android-embedded:4.3.0] AndroidManifest.xml:33:5-35:36
20        android:name="android.hardware.camera.autofocus"
20-->[com.journeyapps:zxing-android-embedded:4.3.0] AndroidManifest.xml:34:9-57
21        android:required="false" />
21-->[com.journeyapps:zxing-android-embedded:4.3.0] AndroidManifest.xml:35:9-33
22    <uses-feature
22-->[com.journeyapps:zxing-android-embedded:4.3.0] AndroidManifest.xml:36:5-38:36
23        android:name="android.hardware.camera.flash"
23-->[com.journeyapps:zxing-android-embedded:4.3.0] AndroidManifest.xml:37:9-53
24        android:required="false" />
24-->[com.journeyapps:zxing-android-embedded:4.3.0] AndroidManifest.xml:38:9-33
25    <uses-feature
25-->[com.journeyapps:zxing-android-embedded:4.3.0] AndroidManifest.xml:39:5-41:36
26        android:name="android.hardware.screen.landscape"
26-->[com.journeyapps:zxing-android-embedded:4.3.0] AndroidManifest.xml:40:9-57
27        android:required="false" />
27-->[com.journeyapps:zxing-android-embedded:4.3.0] AndroidManifest.xml:41:9-33
28    <uses-feature
28-->[com.journeyapps:zxing-android-embedded:4.3.0] AndroidManifest.xml:42:5-44:36
29        android:name="android.hardware.wifi"
29-->[com.journeyapps:zxing-android-embedded:4.3.0] AndroidManifest.xml:43:9-45
30        android:required="false" /> <!-- Although the *SdkVersion is captured in gradle build files, this is required for non gradle builds -->
30-->[com.journeyapps:zxing-android-embedded:4.3.0] AndroidManifest.xml:44:9-33
31    <!-- <uses-sdk android:minSdkVersion="14"/> -->
32    <uses-permission android:name="android.permission.ACCESS_NETWORK_STATE" />
32-->[com.google.android.datatransport:transport-backend-cct:2.3.3] AndroidManifest.xml:25:5-79
32-->[com.google.android.datatransport:transport-backend-cct:2.3.3] AndroidManifest.xml:25:22-76
33    <uses-permission android:name="android.permission.INTERNET" />
33-->[com.google.android.datatransport:transport-backend-cct:2.3.3] AndroidManifest.xml:26:5-67
33-->[com.google.android.datatransport:transport-backend-cct:2.3.3] AndroidManifest.xml:26:22-64
34
35    <application
36        android:name="android.app.Application"
36-->src/main/AndroidManifest.xml:5:9-42
37        android:appComponentFactory="androidx.core.app.CoreComponentFactory"
37-->[androidx.core:core:1.7.0] AndroidManifest.xml:24:18-86
38        android:icon="@mipmap/ic_launcher"
38-->src/main/AndroidManifest.xml:6:9-43
39        android:label="Tour Guidato Casa dell&apos;Energia" >
39-->src/main/AndroidManifest.xml:4:9-47
40        <activity
40-->src/main/AndroidManifest.xml:7:9-27:20
41            android:name="com.example.tour_guidato.MainActivity"
41-->src/main/AndroidManifest.xml:8:13-41
42            android:configChanges="orientation|keyboardHidden|keyboard|screenSize|smallestScreenSize|locale|layoutDirection|fontScale|screenLayout|density|uiMode"
42-->src/main/AndroidManifest.xml:12:13-163
43            android:exported="true"
43-->src/main/AndroidManifest.xml:9:13-36
44            android:hardwareAccelerated="true"
44-->src/main/AndroidManifest.xml:13:13-47
45            android:launchMode="singleTop"
45-->src/main/AndroidManifest.xml:10:13-43
46            android:theme="@style/LaunchTheme"
46-->src/main/AndroidManifest.xml:11:13-47
47            android:windowSoftInputMode="adjustResize" >
47-->src/main/AndroidManifest.xml:14:13-55
48
49            <!--
50                 Specifies an Android theme to apply to this Activity as soon as
51                 the Android process has started. This theme is visible to the user
52                 while the Flutter UI initializes. After that, this theme continues
53                 to determine the Window background behind the Flutter UI.
54            -->
55            <meta-data
55-->src/main/AndroidManifest.xml:19:13-22:17
56                android:name="io.flutter.embedding.android.NormalTheme"
56-->src/main/AndroidManifest.xml:20:15-70
57                android:resource="@style/NormalTheme" />
57-->src/main/AndroidManifest.xml:21:15-52
58
59            <intent-filter>
59-->src/main/AndroidManifest.xml:23:13-26:29
60                <action android:name="android.intent.action.MAIN" />
60-->src/main/AndroidManifest.xml:24:17-68
60-->src/main/AndroidManifest.xml:24:25-66
61
62                <category android:name="android.intent.category.LAUNCHER" />
62-->src/main/AndroidManifest.xml:25:17-76
62-->src/main/AndroidManifest.xml:25:27-74
63            </intent-filter>
64        </activity>
65        <!--
66             Don't delete the meta-data below.
67             This is used by the Flutter tool to generate GeneratedPluginRegistrant.java
68        -->
69        <meta-data
69-->src/main/AndroidManifest.xml:30:9-32:33
70            android:name="flutterEmbedding"
70-->src/main/AndroidManifest.xml:31:13-44
71            android:value="2" />
71-->src/main/AndroidManifest.xml:32:13-30
72
73        <uses-library
73-->[androidx.window:window:1.0.0-beta04] AndroidManifest.xml:25:9-27:40
74            android:name="androidx.window.extensions"
74-->[androidx.window:window:1.0.0-beta04] AndroidManifest.xml:26:13-54
75            android:required="false" />
75-->[androidx.window:window:1.0.0-beta04] AndroidManifest.xml:27:13-37
76        <uses-library
76-->[androidx.window:window:1.0.0-beta04] AndroidManifest.xml:28:9-30:40
77            android:name="androidx.window.sidecar"
77-->[androidx.window:window:1.0.0-beta04] AndroidManifest.xml:29:13-51
78            android:required="false" />
78-->[androidx.window:window:1.0.0-beta04] AndroidManifest.xml:30:13-37
79
80        <activity
80-->[com.journeyapps:zxing-android-embedded:4.3.0] AndroidManifest.xml:47:9-53:63
81            android:name="com.journeyapps.barcodescanner.CaptureActivity"
81-->[com.journeyapps:zxing-android-embedded:4.3.0] AndroidManifest.xml:48:13-74
82            android:clearTaskOnLaunch="true"
82-->[com.journeyapps:zxing-android-embedded:4.3.0] AndroidManifest.xml:49:13-45
83            android:screenOrientation="sensorLandscape"
83-->[com.journeyapps:zxing-android-embedded:4.3.0] AndroidManifest.xml:50:13-56
84            android:stateNotNeeded="true"
84-->[com.journeyapps:zxing-android-embedded:4.3.0] AndroidManifest.xml:51:13-42
85            android:theme="@style/zxing_CaptureTheme"
85-->[com.journeyapps:zxing-android-embedded:4.3.0] AndroidManifest.xml:52:13-54
86            android:windowSoftInputMode="stateAlwaysHidden" />
86-->[com.journeyapps:zxing-android-embedded:4.3.0] AndroidManifest.xml:53:13-60
87
88        <service
88-->[androidx.camera:camera-camera2:1.2.0-alpha01] AndroidManifest.xml:26:9-35:19
89            android:name="androidx.camera.core.impl.MetadataHolderService"
89-->[androidx.camera:camera-camera2:1.2.0-alpha01] AndroidManifest.xml:27:13-75
90            android:enabled="false"
90-->[androidx.camera:camera-camera2:1.2.0-alpha01] AndroidManifest.xml:28:13-36
91            android:exported="false" >
91-->[androidx.camera:camera-camera2:1.2.0-alpha01] AndroidManifest.xml:29:13-37
92            <meta-data
92-->[androidx.camera:camera-camera2:1.2.0-alpha01] AndroidManifest.xml:32:13-34:89
93                android:name="androidx.camera.core.impl.MetadataHolderService.DEFAULT_CONFIG_PROVIDER"
93-->[androidx.camera:camera-camera2:1.2.0-alpha01] AndroidManifest.xml:33:17-103
94                android:value="androidx.camera.camera2.Camera2Config$DefaultProvider" />
94-->[androidx.camera:camera-camera2:1.2.0-alpha01] AndroidManifest.xml:34:17-86
95        </service>
96        <service
96-->[com.google.android.gms:play-services-mlkit-barcode-scanning:18.0.0] AndroidManifest.xml:9:9-15:19
97            android:name="com.google.mlkit.common.internal.MlKitComponentDiscoveryService"
97-->[com.google.android.gms:play-services-mlkit-barcode-scanning:18.0.0] AndroidManifest.xml:10:13-91
98            android:directBootAware="true"
98-->[com.google.mlkit:common:18.0.0] AndroidManifest.xml:17:13-43
99            android:exported="false" >
99-->[com.google.android.gms:play-services-mlkit-barcode-scanning:18.0.0] AndroidManifest.xml:11:13-37
100            <meta-data
100-->[com.google.android.gms:play-services-mlkit-barcode-scanning:18.0.0] AndroidManifest.xml:12:13-14:85
101                android:name="com.google.firebase.components:com.google.mlkit.vision.barcode.internal.BarcodeRegistrar"
101-->[com.google.android.gms:play-services-mlkit-barcode-scanning:18.0.0] AndroidManifest.xml:13:17-120
102                android:value="com.google.firebase.components.ComponentRegistrar" />
102-->[com.google.android.gms:play-services-mlkit-barcode-scanning:18.0.0] AndroidManifest.xml:14:17-82
103            <meta-data
103-->[com.google.mlkit:vision-common:17.0.0] AndroidManifest.xml:12:13-14:85
104                android:name="com.google.firebase.components:com.google.mlkit.vision.common.internal.VisionCommonRegistrar"
104-->[com.google.mlkit:vision-common:17.0.0] AndroidManifest.xml:13:17-124
105                android:value="com.google.firebase.components.ComponentRegistrar" />
105-->[com.google.mlkit:vision-common:17.0.0] AndroidManifest.xml:14:17-82
106            <meta-data
106-->[com.google.mlkit:common:18.0.0] AndroidManifest.xml:20:13-22:85
107                android:name="com.google.firebase.components:com.google.mlkit.common.internal.CommonComponentRegistrar"
107-->[com.google.mlkit:common:18.0.0] AndroidManifest.xml:21:17-120
108                android:value="com.google.firebase.components.ComponentRegistrar" />
108-->[com.google.mlkit:common:18.0.0] AndroidManifest.xml:22:17-82
109        </service>
110
111        <provider
111-->[com.google.mlkit:common:18.0.0] AndroidManifest.xml:9:9-13:38
112            android:name="com.google.mlkit.common.internal.MlKitInitProvider"
112-->[com.google.mlkit:common:18.0.0] AndroidManifest.xml:10:13-78
113            android:authorities="com.example.tour_guidato.mlkitinitprovider"
113-->[com.google.mlkit:common:18.0.0] AndroidManifest.xml:11:13-69
114            android:exported="false"
114-->[com.google.mlkit:common:18.0.0] AndroidManifest.xml:12:13-37
115            android:initOrder="99" />
115-->[com.google.mlkit:common:18.0.0] AndroidManifest.xml:13:13-35
116
117        <activity
117-->[com.google.android.gms:play-services-base:18.0.1] AndroidManifest.xml:20:9-22:45
118            android:name="com.google.android.gms.common.api.GoogleApiActivity"
118-->[com.google.android.gms:play-services-base:18.0.1] AndroidManifest.xml:20:19-85
119            android:exported="false"
119-->[com.google.android.gms:play-services-base:18.0.1] AndroidManifest.xml:22:19-43
120            android:theme="@android:style/Theme.Translucent.NoTitleBar" />
120-->[com.google.android.gms:play-services-base:18.0.1] AndroidManifest.xml:21:19-78
121
122        <meta-data
122-->[com.google.android.gms:play-services-basement:18.0.0] AndroidManifest.xml:21:9-23:69
123            android:name="com.google.android.gms.version"
123-->[com.google.android.gms:play-services-basement:18.0.0] AndroidManifest.xml:22:13-58
124            android:value="@integer/google_play_services_version" />
124-->[com.google.android.gms:play-services-basement:18.0.0] AndroidManifest.xml:23:13-66
125
126        <provider
126-->[androidx.emoji2:emoji2:1.0.0] AndroidManifest.xml:26:9-34:20
127            android:name="androidx.startup.InitializationProvider"
127-->[androidx.emoji2:emoji2:1.0.0] AndroidManifest.xml:27:13-67
128            android:authorities="com.example.tour_guidato.androidx-startup"
128-->[androidx.emoji2:emoji2:1.0.0] AndroidManifest.xml:28:13-68
129            android:exported="false" >
129-->[androidx.emoji2:emoji2:1.0.0] AndroidManifest.xml:29:13-37
130            <meta-data
130-->[androidx.emoji2:emoji2:1.0.0] AndroidManifest.xml:31:13-33:52
131                android:name="androidx.emoji2.text.EmojiCompatInitializer"
131-->[androidx.emoji2:emoji2:1.0.0] AndroidManifest.xml:32:17-75
132                android:value="androidx.startup" />
132-->[androidx.emoji2:emoji2:1.0.0] AndroidManifest.xml:33:17-49
133            <meta-data
133-->[androidx.lifecycle:lifecycle-process:2.4.0] AndroidManifest.xml:31:13-33:52
134                android:name="androidx.lifecycle.ProcessLifecycleInitializer"
134-->[androidx.lifecycle:lifecycle-process:2.4.0] AndroidManifest.xml:32:17-78
135                android:value="androidx.startup" />
135-->[androidx.lifecycle:lifecycle-process:2.4.0] AndroidManifest.xml:33:17-49
136        </provider>
137
138        <service
138-->[com.google.android.datatransport:transport-backend-cct:2.3.3] AndroidManifest.xml:29:9-35:19
139            android:name="com.google.android.datatransport.runtime.backends.TransportBackendDiscovery"
139-->[com.google.android.datatransport:transport-backend-cct:2.3.3] AndroidManifest.xml:30:13-103
140            android:exported="false" >
140-->[com.google.android.datatransport:transport-backend-cct:2.3.3] AndroidManifest.xml:31:13-37
141            <meta-data
141-->[com.google.android.datatransport:transport-backend-cct:2.3.3] AndroidManifest.xml:32:13-34:39
142                android:name="backend:com.google.android.datatransport.cct.CctBackendFactory"
142-->[com.google.android.datatransport:transport-backend-cct:2.3.3] AndroidManifest.xml:33:17-94
143                android:value="cct" />
143-->[com.google.android.datatransport:transport-backend-cct:2.3.3] AndroidManifest.xml:34:17-36
144        </service>
145        <service
145-->[com.google.android.datatransport:transport-runtime:2.2.6] AndroidManifest.xml:26:9-30:19
146            android:name="com.google.android.datatransport.runtime.scheduling.jobscheduling.JobInfoSchedulerService"
146-->[com.google.android.datatransport:transport-runtime:2.2.6] AndroidManifest.xml:27:13-117
147            android:exported="false"
147-->[com.google.android.datatransport:transport-runtime:2.2.6] AndroidManifest.xml:28:13-37
148            android:permission="android.permission.BIND_JOB_SERVICE" >
148-->[com.google.android.datatransport:transport-runtime:2.2.6] AndroidManifest.xml:29:13-69
149        </service>
150
151        <receiver
151-->[com.google.android.datatransport:transport-runtime:2.2.6] AndroidManifest.xml:32:9-34:40
152            android:name="com.google.android.datatransport.runtime.scheduling.jobscheduling.AlarmManagerSchedulerBroadcastReceiver"
152-->[com.google.android.datatransport:transport-runtime:2.2.6] AndroidManifest.xml:33:13-132
153            android:exported="false" />
153-->[com.google.android.datatransport:transport-runtime:2.2.6] AndroidManifest.xml:34:13-37
154    </application>
155
156</manifest>